<?xml version="1.0" encoding="UTF-8"?>
<coverage generated="1679623480046" clover="3.2.0">
  <project timestamp="1679623480046" name="All files">
    <metrics statements="19" coveredstatements="15" conditionals="12" coveredconditionals="11" methods="7" coveredmethods="7" elements="38" coveredelements="33" complexity="0" loc="19" ncloc="19" packages="2" files="3" classes="3"/>
    <package name="entities">
      <metrics statements="15" coveredstatements="11" conditionals="12" coveredconditionals="11" methods="6" coveredmethods="6"/>
      <file name="role.entity.ts" path="C:\Users\click\Desktop\Dev\CleanArch\src\core\domain\entities\role.entity.ts">
        <metrics statements="12" coveredstatements="9" conditionals="4" coveredconditionals="4" methods="5" coveredmethods="5"/>
        <line num="11" count="8" type="stmt"/>
        <line num="15" count="2" type="stmt"/>
        <line num="19" count="3" type="stmt"/>
        <line num="23" count="2" type="stmt"/>
        <line num="27" count="4" type="cond" truecount="4" falsecount="0"/>
        <line num="29" count="1" type="stmt"/>
        <line num="30" count="0" type="stmt"/>
        <line num="32" count="1" type="stmt"/>
        <line num="33" count="0" type="stmt"/>
        <line num="35" count="1" type="stmt"/>
        <line num="36" count="0" type="stmt"/>
        <line num="38" count="1" type="stmt"/>
      </file>
      <file name="user.entity.ts" path="C:\Users\click\Desktop\Dev\CleanArch\src\core\domain\entities\user.entity.ts">
        <metrics statements="3" coveredstatements="2" conditionals="8" coveredconditionals="7" methods="1" coveredmethods="1"/>
        <line num="16" count="1" type="cond" truecount="1" falsecount="1"/>
        <line num="17" count="0" type="stmt"/>
        <line num="20" count="1" type="stmt"/>
      </file>
    </package>
    <package name="exceptions">
      <metrics statements="4" coveredstatements="4" conditionals="0" coveredconditionals="0" methods="1" coveredmethods="1"/>
      <file name="exception.interface.ts" path="C:\Users\click\Desktop\Dev\CleanArch\src\core\domain\exceptions\exception.interface.ts">
        <metrics statements="4" coveredstatements="4" conditionals="0" coveredconditionals="0" methods="1" coveredmethods="1"/>
        <line num="15" count="1" type="stmt"/>
        <line num="16" count="1" type="stmt"/>
        <line num="17" count="1" type="stmt"/>
        <line num="18" count="1" type="stmt"/>
      </file>
    </package>
  </project>
</coverage>
