{"C:\\Users\\click\\Desktop\\Dev\\CleanArch\\src\\core\\domain\\entities\\role.entity.ts": {"path":"C:\\Users\\click\\Desktop\\Dev\\CleanArch\\src\\core\\domain\\entities\\role.entity.ts","statementMap":{"0":{"start":{"line":11,"column":8},"end":{"line":11,"column":28}},"1":{"start":{"line":15,"column":8},"end":{"line":15,"column":47}},"2":{"start":{"line":19,"column":8},"end":{"line":19,"column":53}},"3":{"start":{"line":23,"column":8},"end":{"line":23,"column":50}},"4":{"start":{"line":27,"column":8},"end":{"line":44,"column":9}},"5":{"start":{"line":29,"column":16},"end":{"line":29,"column":43}},"6":{"start":{"line":30,"column":16},"end":{"line":30,"column":22}},"7":{"start":{"line":32,"column":16},"end":{"line":32,"column":49}},"8":{"start":{"line":33,"column":16},"end":{"line":33,"column":22}},"9":{"start":{"line":35,"column":16},"end":{"line":35,"column":46}},"10":{"start":{"line":36,"column":16},"end":{"line":36,"column":22}},"11":{"start":{"line":38,"column":16},"end":{"line":43,"column":19}}},"fnMap":{"0":{"name":"(anonymous_0)","decl":{"start":{"line":10,"column":4},"end":{"line":10,"column":5}},"loc":{"start":{"line":10,"column":36},"end":{"line":12,"column":5}},"line":10},"1":{"name":"(anonymous_1)","decl":{"start":{"line":14,"column":4},"end":{"line":14,"column":5}},"loc":{"start":{"line":14,"column":26},"end":{"line":16,"column":5}},"line":14},"2":{"name":"(anonymous_2)","decl":{"start":{"line":18,"column":4},"end":{"line":18,"column":5}},"loc":{"start":{"line":18,"column":32},"end":{"line":20,"column":5}},"line":18},"3":{"name":"(anonymous_3)","decl":{"start":{"line":22,"column":4},"end":{"line":22,"column":5}},"loc":{"start":{"line":22,"column":29},"end":{"line":24,"column":5}},"line":22},"4":{"name":"(anonymous_4)","decl":{"start":{"line":26,"column":4},"end":{"line":26,"column":5}},"loc":{"start":{"line":26,"column":29},"end":{"line":45,"column":5}},"line":26}},"branchMap":{"0":{"loc":{"start":{"line":27,"column":8},"end":{"line":44,"column":9}},"type":"switch","locations":[{"start":{"line":28,"column":12},"end":{"line":30,"column":22}},{"start":{"line":31,"column":12},"end":{"line":33,"column":22}},{"start":{"line":34,"column":12},"end":{"line":36,"column":22}},{"start":{"line":37,"column":12},"end":{"line":43,"column":19}}],"line":27}},"s":{"0":8,"1":2,"2":3,"3":2,"4":4,"5":1,"6":0,"7":1,"8":0,"9":1,"10":0,"11":1},"f":{"0":8,"1":2,"2":3,"3":2,"4":4},"b":{"0":[1,1,1,1]},"_coverageSchema":"1a1c01bbd47fc00a2c39e90264f33305004495a9","hash":"8bef08f51ef3e0dd0dea961eac937f7f70ada712"}
,"C:\\Users\\click\\Desktop\\Dev\\CleanArch\\src\\core\\domain\\entities\\user.entity.ts": {"path":"C:\\Users\\click\\Desktop\\Dev\\CleanArch\\src\\core\\domain\\entities\\user.entity.ts","statementMap":{"0":{"start":{"line":16,"column":8},"end":{"line":18,"column":9}},"1":{"start":{"line":17,"column":12},"end":{"line":17,"column":52}},"2":{"start":{"line":20,"column":8},"end":{"line":26,"column":10}}},"fnMap":{"0":{"name":"(anonymous_0)","decl":{"start":{"line":14,"column":4},"end":{"line":14,"column":5}},"loc":{"start":{"line":14,"column":34},"end":{"line":27,"column":5}},"line":14}},"branchMap":{"0":{"loc":{"start":{"line":16,"column":8},"end":{"line":18,"column":9}},"type":"if","locations":[{"start":{"line":16,"column":8},"end":{"line":18,"column":9}},{"start":{},"end":{}}],"line":16},"1":{"loc":{"start":{"line":22,"column":16},"end":{"line":22,"column":30}},"type":"binary-expr","locations":[{"start":{"line":22,"column":16},"end":{"line":22,"column":24}},{"start":{"line":22,"column":28},"end":{"line":22,"column":30}}],"line":22},"2":{"loc":{"start":{"line":24,"column":18},"end":{"line":24,"column":57}},"type":"binary-expr","locations":[{"start":{"line":24,"column":18},"end":{"line":24,"column":28}},{"start":{"line":24,"column":32},"end":{"line":24,"column":57}}],"line":24},"3":{"loc":{"start":{"line":25,"column":20},"end":{"line":25,"column":40}},"type":"binary-expr","locations":[{"start":{"line":25,"column":20},"end":{"line":25,"column":32}},{"start":{"line":25,"column":36},"end":{"line":25,"column":40}}],"line":25}},"s":{"0":1,"1":0,"2":1},"f":{"0":1},"b":{"0":[0,1],"1":[1,1],"2":[1,1],"3":[1,1]},"_coverageSchema":"1a1c01bbd47fc00a2c39e90264f33305004495a9","hash":"08c6f2e018169238f15c218640bf47c9fdaebb46"}
,"C:\\Users\\click\\Desktop\\Dev\\CleanArch\\src\\core\\domain\\exceptions\\exception.interface.ts": {"path":"C:\\Users\\click\\Desktop\\Dev\\CleanArch\\src\\core\\domain\\exceptions\\exception.interface.ts","statementMap":{"0":{"start":{"line":15,"column":8},"end":{"line":15,"column":34}},"1":{"start":{"line":16,"column":8},"end":{"line":16,"column":36}},"2":{"start":{"line":17,"column":8},"end":{"line":17,"column":34}},"3":{"start":{"line":18,"column":8},"end":{"line":18,"column":34}}},"fnMap":{"0":{"name":"(anonymous_0)","decl":{"start":{"line":14,"column":4},"end":{"line":14,"column":5}},"loc":{"start":{"line":14,"column":43},"end":{"line":19,"column":5}},"line":14}},"branchMap":{},"s":{"0":1,"1":1,"2":1,"3":1},"f":{"0":1},"b":{},"_coverageSchema":"1a1c01bbd47fc00a2c39e90264f33305004495a9","hash":"55cef44c82061b08c65c48060279e399dd8f6a98"}
}
