TN:
SF:src\core\domain\entities\role.entity.ts
FN:10,(anonymous_0)
FN:14,(anonymous_1)
FN:18,(anonymous_2)
FN:22,(anonymous_3)
FN:26,(anonymous_4)
FNF:5
FNH:5
FNDA:8,(anonymous_0)
FNDA:2,(anonymous_1)
FNDA:3,(anonymous_2)
FNDA:2,(anonymous_3)
FNDA:4,(anonymous_4)
DA:11,8
DA:15,2
DA:19,3
DA:23,2
DA:27,4
DA:29,1
DA:30,0
DA:32,1
DA:33,0
DA:35,1
DA:36,0
DA:38,1
LF:12
LH:9
BRDA:27,0,0,1
BRDA:27,0,1,1
BRDA:27,0,2,1
BRDA:27,0,3,1
BRF:4
BRH:4
end_of_record
TN:
SF:src\core\domain\entities\user.entity.ts
FN:14,(anonymous_0)
FNF:1
FNH:1
FNDA:1,(anonymous_0)
DA:16,1
DA:17,0
DA:20,1
LF:3
LH:2
BRDA:16,0,0,0
BRDA:16,0,1,1
BRDA:22,1,0,1
BRDA:22,1,1,1
BRDA:24,2,0,1
BRDA:24,2,1,1
BRDA:25,3,0,1
BRDA:25,3,1,1
BRF:8
BRH:7
end_of_record
TN:
SF:src\core\domain\exceptions\exception.interface.ts
FN:14,(anonymous_0)
FNF:1
FNH:1
FNDA:1,(anonymous_0)
DA:15,1
DA:16,1
DA:17,1
DA:18,1
LF:4
LH:4
BRF:0
BRH:0
end_of_record
